Arguments: 
  /usr/local/Cellar/node/10.9.0/bin/node /usr/local/Cellar/yarn/1.9.4/libexec/bin/yarn.js install

PATH: 
  /Library/Frameworks/Python.framework/Versions/2.7/bin:/Users/daniel/.rbenv/plugins/ruby-build/bin:/Users/daniel/.rbenv/shims:/Users/daniel/.rbenv/bin:/usr/local/bin:/usr/local/sbin:~/bin:/Users/daniel/.rbenv/bin:/Users/daniel/.rvm/gems/ruby-2.2.7/bin:/Users/daniel/.rvm/gems/ruby-2.2.7@global/bin:/Users/daniel/.rvm/rubies/ruby-2.2.7/bin:/usr/bin:/bin:/usr/sbin:/sbin:/usr/local/bin:/usr/local/share/dotnet:~/.dotnet/tools:/Library/Frameworks/Mono.framework/Versions/Current/Commands:/usr/local/git/bin:/Applications/Xamarin Workbooks.app/Contents/SharedSupport/path-bin:/Users/daniel/.rvm/bin:/Users/daniel/.rvm/bin

Yarn version: 
  1.9.4

Node version: 
  10.9.0

Platform: 
  darwin x64

Trace: 
  SyntaxError: /Users/daniel/DBC/reactRedux/serverSideRendering/server/package.json: Unexpected token * in JSON at position 0
      at JSON.parse (<anonymous>)
      at /usr/local/Cellar/yarn/1.9.4/libexec/lib/cli.js:1130:59
      at Generator.next (<anonymous>)
      at step (/usr/local/Cellar/yarn/1.9.4/libexec/lib/cli.js:92:30)
      at /usr/local/Cellar/yarn/1.9.4/libexec/lib/cli.js:103:13

npm manifest: 
  * {
      *   "name": "react-ssr",
      *   "version": "1.0.0",
      *   "description": "Server side rendering project",
      *   "main": "index.js",
      *   "scripts": {
      *   },
      *   "author": "",
      *   "license": "ISC",
      *   "dependencies": {
      *     "axios": "0.16.2",
      *     "babel-cli": "6.26.0",
      *     "babel-core": "6.26.0",
      *     "babel-loader": "7.1.2",
      *     "babel-preset-env": "1.6.0",
      *     "babel-preset-es2015": "6.24.1",
      *     "babel-preset-es2017": "6.24.1",
      *     "babel-preset-react": "6.24.1",
      *     "babel-preset-stage-0": "6.24.1",
      *     "compression": "1.7.0",
      *     "concurrently": "3.5.0",
      *     "express": "4.15.4",
      *     "express-http-proxy": "1.0.6",
      *     "lodash": "4.17.4",
      *     "nodemon": "1.12.0",
      *     "npm-run-all": "4.1.1",
      *     "react": "16.0.0",
      *     "react-dom": "16.0.0",
      *     "react-helmet": "5.2.0",
      *     "react-redux": "5.0.6",
      *     "react-router-config": "1.0.0-beta.4",
      *     "react-router-dom": "4.2.2",
      *     "redux": "3.7.2",
      *     "redux-thunk": "2.2.0",
      *     "serialize-javascript": "1.4.0",
      *     "webpack": "3.5.6",
      *     "webpack-dev-server": "2.8.2",
      *     "webpack-merge": "4.1.0",
      *     "webpack-node-externals": "1.6.0"
      *   }
      * }

yarn manifest: 
  No manifest

Lockfile: 
  No lockfile
